<?xml version="1.0" encoding="UTF-8"?>
<testsuite errors="0" failures="0" name="1To4_tests.Test1To4-20151201160117" tests="4" time="0.479">
	<testcase classname="1To4_tests.Test1To4" name="test_01" time="0.131"/>
	<testcase classname="1To4_tests.Test1To4" name="test_02" time="0.114"/>
	<testcase classname="1To4_tests.Test1To4" name="test_03" time="0.122"/>
	<testcase classname="1To4_tests.Test1To4" name="test_04" time="0.111"/>
	<system-out>
<![CDATA[]]>	</system-out>
	<system-err>
<![CDATA[]]>	</system-err>
</testsuite>
