<?xml version="1.0" encoding="UTF-8"?>
<testsuite errors="0" failures="0" name="test1To4_tests.Test1To4-20151201151524" tests="4" time="0.472">
	<testcase classname="test1To4_tests.Test1To4" name="test_01" time="0.123"/>
	<testcase classname="test1To4_tests.Test1To4" name="test_02" time="0.118"/>
	<testcase classname="test1To4_tests.Test1To4" name="test_03" time="0.113"/>
	<testcase classname="test1To4_tests.Test1To4" name="test_04" time="0.118"/>
	<system-out>
<![CDATA[]]>	</system-out>
	<system-err>
<![CDATA[]]>	</system-err>
</testsuite>
