<?xml version="1.0" encoding="UTF-8"?>
<testsuite errors="0" failures="0" name="1To4_tests.tests-20151201172601" tests="4" time="0.467">
	<testcase classname="1To4_tests.tests" name="test_01" time="0.121"/>
	<testcase classname="1To4_tests.tests" name="test_02" time="0.115"/>
	<testcase classname="1To4_tests.tests" name="test_03" time="0.113"/>
	<testcase classname="1To4_tests.tests" name="test_04" time="0.118"/>
	<system-out>
<![CDATA[]]>	</system-out>
	<system-err>
<![CDATA[]]>	</system-err>
</testsuite>
