<?xml version="1.0" encoding="UTF-8"?>
<testsuite errors="0" failures="0" name="1To4_tests.tests-20151201172541" tests="4" time="0.465">
	<testcase classname="1To4_tests.tests" name="test_01" time="0.115"/>
	<testcase classname="1To4_tests.tests" name="test_02" time="0.120"/>
	<testcase classname="1To4_tests.tests" name="test_03" time="0.114"/>
	<testcase classname="1To4_tests.tests" name="test_04" time="0.116"/>
	<system-out>
<![CDATA[]]>	</system-out>
	<system-err>
<![CDATA[]]>	</system-err>
</testsuite>
