<?xml version="1.0" encoding="UTF-8"?>
<testsuite errors="0" failures="0" name="1To4_tests.OneToFour_Tests-20151201161940" tests="4" time="0.533">
	<testcase classname="1To4_tests.OneToFour_Tests" name="test_01" time="0.137"/>
	<testcase classname="1To4_tests.OneToFour_Tests" name="test_02" time="0.145"/>
	<testcase classname="1To4_tests.OneToFour_Tests" name="test_03" time="0.131"/>
	<testcase classname="1To4_tests.OneToFour_Tests" name="test_04" time="0.121"/>
	<system-out>
<![CDATA[]]>	</system-out>
	<system-err>
<![CDATA[]]>	</system-err>
</testsuite>
